electron/ssProxyServer.ts(73,9): error TS2322: Type 'Buffer<ArrayBufferLike>' is not assignable to type 'Buffer<ArrayBuffer>'.
  Type 'ArrayBufferLike' is not assignable to type 'ArrayBuffer'.
    Type 'SharedArrayBuffer' is not assignable to type 'ArrayBuffer'.
      Types of property '[Symbol.toStringTag]' are incompatible.
        Type '"SharedArrayBuffer"' is not assignable to type '"ArrayBuffer"'.
electron/ssProxyServer.ts(96,9): error TS2322: Type 'Buffer<ArrayBufferLike>' is not assignable to type 'Buffer<ArrayBuffer>'.
  Type 'ArrayBufferLike' is not assignable to type 'ArrayBuffer'.
    Type 'SharedArrayBuffer' is not assignable to type 'ArrayBuffer'.
      Types of property '[Symbol.toStringTag]' are incompatible.
        Type '"SharedArrayBuffer"' is not assignable to type '"ArrayBuffer"'.
electron/tools/aider/model.ts(25,5): error TS6133: 'readConfig' is declared but its value is never read.
electron/tools/aider/model.ts(53,5): error TS6133: 'readConfig' is declared but its value is never read.
electron/tools/aider/model.ts(54,5): error TS6133: 'writeConfig' is declared but its value is never read.
electron/tools/aider/model.ts(55,5): error TS6133: 'getConfigFile' is declared but its value is never read.
electron/tools/codex/model.ts(140,5): error TS6133: 'readConfig' is declared but its value is never read.
electron/tools/codex/model.ts(176,5): error TS6133: 'readConfig' is declared but its value is never read.
electron/tools/codex/model.ts(177,5): error TS6133: 'writeConfig' is declared but its value is never read.
electron/tools/openclaw/model.ts(91,5): error TS6133: 'getConfigFile' is declared but its value is never read.
electron/tools/opencode/model.ts(76,5): error TS6133: 'getConfigFile' is declared but its value is never read.
src/App.tsx(59,12): error TS6133: 'lastScanTime' is declared but its value is never read.
src/App.tsx(295,48): error TS6133: 'action' is declared but its value is never read.
src/App.tsx(615,11): error TS6133: 'updateConfig' is declared but its value is never read.
src/components/cards/ModelCard.tsx(156,11): error TS6133: 'type' is declared but its value is never read.
src/components/cards/ModelCard.tsx(156,26): error TS6133: 'anthropicUrl' is declared but its value is never read.
src/components/cards/ToolCard.tsx(19,38): error TS6133: 'version' is declared but its value is never read.
src/components/cards/ToolCard.tsx(19,106): error TS6133: 'website' is declared but its value is never read.
src/components/LocalModelPlayer.tsx(23,12): error TS6133: 'pid' is declared but its value is never read.
